Mplus VERSION 8.6
MUTHEN & MUTHEN
12/04/2023   5:38 PM

INPUT INSTRUCTIONS

  TITLE:
  Latent Class Analysis c=5
  DATA:
  FILE = "lca_2_6ef5eea01f434d464ee251ae03e67c04.dat";

  VARIABLE:
  NAMES = fc_CMQ fc_GCBci fc_GCBet fc_GCBgm fc_GCBmg fc_GCBpw fc_CRKQs fc_CCSQ;
   MISSING=.;

    usevariables = fc_CMQ fc_GCBci fc_GCBet fc_GCBgm fc_GCBmg fc_GCBpw fc_CRKQs fc_CCSQ;

    classes      = c(5)
  ANALYSIS:

      Type=mixture; ! LCA analysis
      STARTS= 500 100;
      !LRTstarts=0 0 300 20;

  OUTPUT:
  tech11 tech14;
  SAVEDATA:
  file = lca_5.txt ;
      save = cprob;
      format = free;

  PLOT:

      type = plot3;
      series is fc_CMQ (1) fc_GCBci (2) fc_GCBet (3) fc_GCBgm (4)
                fc_GCBmg (5) fc_GCBpw (6) fc_CRKQs (7) fc_CCSQ (8);




*** WARNING in MODEL command
  All variables are uncorrelated with all other variables within class.
  Check that this is what is intended.
   1 WARNING(S) FOUND IN THE INPUT INSTRUCTIONS




Latent Class Analysis c=5

SUMMARY OF ANALYSIS

Number of groups                                                 1
Number of observations                                         598

Number of dependent variables                                    8
Number of independent variables                                  0
Number of continuous latent variables                            0
Number of categorical latent variables                           1

Observed dependent variables

  Continuous
   FC_CMQ      FC_GCBCI    FC_GCBET    FC_GCBGM    FC_GCBMG    FC_GCBPW
   FC_CRKQS    FC_CCSQ

Categorical latent variables
   C


Estimator                                                      MLR
Information matrix                                        OBSERVED
Optimization Specifications for the Quasi-Newton Algorithm for
Continuous Outcomes
  Maximum number of iterations                                 100
  Convergence criterion                                  0.100D-05
Optimization Specifications for the EM Algorithm
  Maximum number of iterations                                 500
  Convergence criteria
    Loglikelihood change                                 0.100D-06
    Relative loglikelihood change                        0.100D-06
    Derivative                                           0.100D-05
Optimization Specifications for the M step of the EM Algorithm for
Categorical Latent variables
  Number of M step iterations                                    1
  M step convergence criterion                           0.100D-05
  Basis for M step termination                           ITERATION
Optimization Specifications for the M step of the EM Algorithm for
Censored, Binary or Ordered Categorical (Ordinal), Unordered
Categorical (Nominal) and Count Outcomes
  Number of M step iterations                                    1
  M step convergence criterion                           0.100D-05
  Basis for M step termination                           ITERATION
  Maximum value for logit thresholds                            15
  Minimum value for logit thresholds                           -15
  Minimum expected cell size for chi-square              0.100D-01
Maximum number of iterations for H1                           2000
Convergence criterion for H1                             0.100D-03
Optimization algorithm                                         EMA
Random Starts Specifications
  Number of initial stage random starts                        500
  Number of final stage optimizations                          100
  Number of initial stage iterations                            10
  Initial stage convergence criterion                    0.100D+01
  Random starts scale                                    0.500D+01
  Random seed for generating random starts                       0

Input data file(s)
  lca_2_6ef5eea01f434d464ee251ae03e67c04.dat
Input data format  FREE


SUMMARY OF DATA

     Number of missing data patterns             1
     Number of y missing data patterns           1
     Number of u missing data patterns           0


COVARIANCE COVERAGE OF DATA

Minimum covariance coverage value   0.100


     PROPORTION OF DATA PRESENT FOR Y


           Covariance Coverage
              FC_CMQ        FC_GCBCI      FC_GCBET      FC_GCBGM      FC_GCBMG
              ________      ________      ________      ________      ________
 FC_CMQ         1.000
 FC_GCBCI       1.000         1.000
 FC_GCBET       1.000         1.000         1.000
 FC_GCBGM       1.000         1.000         1.000         1.000
 FC_GCBMG       1.000         1.000         1.000         1.000         1.000
 FC_GCBPW       1.000         1.000         1.000         1.000         1.000
 FC_CRKQS       1.000         1.000         1.000         1.000         1.000
 FC_CCSQ        1.000         1.000         1.000         1.000         1.000


           Covariance Coverage
              FC_GCBPW      FC_CRKQS      FC_CCSQ
              ________      ________      ________
 FC_GCBPW       1.000
 FC_CRKQS       1.000         1.000
 FC_CCSQ        1.000         1.000         1.000



UNIVARIATE SAMPLE STATISTICS


     UNIVARIATE HIGHER-ORDER MOMENT DESCRIPTIVE STATISTICS

         Variable/         Mean/     Skewness/   Minimum/ % with                Percentiles
        Sample Size      Variance    Kurtosis    Maximum  Min/Max      20%/60%    40%/80%    Median

     FC_CMQ              287.916      -0.029       1.000    0.17%     120.000    239.000    284.500
             598.000   26259.187      -1.168     554.000    1.67%     340.000    456.000
     FC_GCBCI             46.540      -0.028       1.000    0.84%      21.000     39.000     44.000
             598.000     626.894      -1.104      89.000    3.01%      53.000     74.000
     FC_GCBET             24.916       1.062       1.000    0.33%      13.000     17.000     17.000
             598.000     346.645       0.194      74.000    1.17%      17.000     39.000
     FC_GCBGM             38.060       0.477       1.000    0.17%      20.000     28.000     28.000
             598.000     452.227      -0.959      80.000    2.51%      40.000     62.000
     FC_GCBMG             31.048       0.438       1.000    2.34%      15.000     23.000     23.000
             598.000     354.909      -0.990      68.000    3.01%      30.000     52.000
     FC_GCBPW             31.187       0.917       1.000    0.33%      14.000     19.000     19.000
             598.000     534.992      -0.492      86.000    1.17%      23.000     56.000
     FC_CRKQS            233.343       0.069       1.000    0.17%     109.000    212.000    237.500
             598.000   15829.469      -0.880     467.000    1.51%     241.000    357.000
     FC_CCSQ             257.365      -0.051       1.000    0.17%     112.000    229.000    278.500
             598.000   19078.623      -0.974     508.000    0.33%     289.000    391.000

RANDOM STARTS RESULTS RANKED FROM THE BEST TO THE WORST LOGLIKELIHOOD VALUES

Final stage loglikelihood values at local maxima, seeds, and initial stage start numbers:

          -23453.369  762461           425
          -23453.369  879338           309
          -23459.803  888905           444
          -23459.803  178475           231
          -23459.803  79945            395
          -23459.803  626087           314
          -23459.803  137377           397
          -23459.803  939709           112
          -23459.803  393232           152
          -23459.803  118421           139
          -23459.803  508482           446
          -23459.803  416250           390
          -23459.803  903420           5
          -23473.865  344422           296
          -23473.865  319575           499
          -23473.865  342019           301
          -23473.865  654136           167
          -23473.865  535804           111
          -23473.865  392751           480
          -23473.865  836066           372
          -23473.865  392766           331
          -23473.865  722748           346
          -23473.865  376411           473
          -23473.865  391949           295
          -23473.865  789985           67
          -23473.865  772131           407
          -23473.865  551639           55
          -23473.865  7959             256
          -23473.865  415931           10
          -23473.865  783102           433
          -23473.865  496710           386
          -23473.865  471438           252
          -23473.865  715561           125
          -23473.865  824126           287
          -23473.865  69413            472
          -23473.865  937588           293
          -23473.865  349263           263
          -23473.865  226322           478
          -23473.865  23012            352
          -23473.865  752769           253
          -23473.865  476498           179
          -23475.997  787985           482
          -23475.997  182524           373
          -23482.532  900268           327
          -23482.532  15715            274
          -23482.532  939021           8
          -23500.107  232559           136
          -23500.107  206099           363
          -23500.107  188498           258
          -23500.107  193042           316
          -23502.449  499150           216
          -23502.449  714997           399
          -23503.962  263268           165
          -23503.962  951709           348
          -23503.962  562716           300
          -23503.962  383986           159
          -23508.625  315029           471
          -23508.625  238906           430
          -23510.257  55115            408
          -23510.257  726035           191
          -23510.257  978061           488
          -23513.861  57226            208
          -23513.861  741888           138
          -23513.861  314084           81
          -23513.861  358488           264
          -23513.861  107446           12
          -23513.861  746978           410
          -23513.861  853195           431
          -23513.861  66276            217
          -23513.861  61587            400
          -23519.118  30098            209
          -23522.227  922042           492
          -23522.227  443917           60
          -23523.996  592219           119
          -23523.996  813779           92

25 perturbed starting value run(s) did not converge or were rejected in the third stage.



THE BEST LOGLIKELIHOOD VALUE HAS BEEN REPLICATED.  RERUN WITH AT LEAST TWICE THE
RANDOM STARTS TO CHECK THAT THE BEST LOGLIKELIHOOD IS STILL OBTAINED AND REPLICATED.


THE MODEL ESTIMATION TERMINATED NORMALLY



MODEL FIT INFORMATION

Number of Free Parameters                       52

Loglikelihood

          H0 Value                      -23453.369
          H0 Scaling Correction Factor      1.5949
            for MLR

Information Criteria

          Akaike (AIC)                   47010.738
          Bayesian (BIC)                 47239.205
          Sample-Size Adjusted BIC       47074.120
            (n* = (n + 2) / 24)



FINAL CLASS COUNTS AND PROPORTIONS FOR THE LATENT CLASSES
BASED ON THE ESTIMATED MODEL

    Latent
   Classes

       1         36.46985          0.06099
       2        344.34891          0.57583
       3         57.52641          0.09620
       4         86.16512          0.14409
       5         73.48971          0.12289


FINAL CLASS COUNTS AND PROPORTIONS FOR THE LATENT CLASSES
BASED ON ESTIMATED POSTERIOR PROBABILITIES

    Latent
   Classes

       1         36.46985          0.06099
       2        344.34891          0.57583
       3         57.52641          0.09620
       4         86.16512          0.14409
       5         73.48971          0.12289


FINAL CLASS COUNTS AND PROPORTIONS FOR THE LATENT CLASSES
BASED ON THEIR MOST LIKELY LATENT CLASS MEMBERSHIP

Class Counts and Proportions

    Latent
   Classes

       1               39          0.06522
       2              342          0.57191
       3               57          0.09532
       4               87          0.14548
       5               73          0.12207


CLASSIFICATION QUALITY

     Entropy                         0.944


Average Latent Class Probabilities for Most Likely Latent Class Membership (Row)
by Latent Class (Column)

           1        2        3        4        5

    1   0.893    0.083    0.007    0.016    0.000
    2   0.003    0.993    0.004    0.000    0.000
    3   0.003    0.023    0.941    0.033    0.000
    4   0.005    0.003    0.025    0.912    0.055
    5   0.000    0.000    0.000    0.059    0.941


Classification Probabilities for the Most Likely Latent Class Membership (Column)
by Latent Class (Row)

           1        2        3        4        5

    1   0.955    0.028    0.005    0.012    0.000
    2   0.009    0.986    0.004    0.001    0.000
    3   0.005    0.025    0.932    0.038    0.000
    4   0.007    0.000    0.022    0.921    0.050
    5   0.000    0.000    0.000    0.065    0.935


Logits for the Classification Probabilities for the Most Likely Latent Class Membership (Column)
by Latent Class (Row)

              1        2        3        4        5

    1     13.770   10.227    8.498    9.396    0.000
    2      9.148   13.802    8.233    6.560    0.000
    3      8.483   10.111   13.745   10.552    0.000
    4     -1.893   -8.432   -0.814    2.922    0.000
    5    -13.749  -13.749  -13.749   -2.669    0.000


MODEL RESULTS

                                                    Two-Tailed
                    Estimate       S.E.  Est./S.E.    P-Value

Latent Class 1

 Means
    FC_CMQ           270.397     38.884      6.954      0.000
    FC_GCBCI          58.234      5.893      9.881      0.000
    FC_GCBET          27.417      4.310      6.361      0.000
    FC_GCBGM          46.887      5.749      8.155      0.000
    FC_GCBMG           8.601      2.075      4.145      0.000
    FC_GCBPW          42.525      6.177      6.884      0.000
    FC_CRKQS         205.016     35.858      5.717      0.000
    FC_CCSQ          241.156     32.886      7.333      0.000

 Variances
    FC_CMQ         12535.368    887.023     14.132      0.000
    FC_GCBCI         316.005     25.017     12.632      0.000
    FC_GCBET         176.651     20.424      8.649      0.000
    FC_GCBGM         203.869     19.771     10.312      0.000
    FC_GCBMG          70.638      6.383     11.066      0.000
    FC_GCBPW          65.803     10.503      6.265      0.000
    FC_CRKQS       13810.750    759.811     18.177      0.000
    FC_CCSQ        17211.492    860.332     20.006      0.000

Latent Class 2

 Means
    FC_CMQ           194.861      6.570     29.661      0.000
    FC_GCBCI          32.578      1.070     30.451      0.000
    FC_GCBET          15.573      0.505     30.833      0.000
    FC_GCBGM          25.530      0.785     32.529      0.000
    FC_GCBMG          19.766      0.489     40.450      0.000
    FC_GCBPW          15.855      0.349     45.468      0.000
    FC_CRKQS         205.166      5.660     36.249      0.000
    FC_CCSQ          228.687      6.518     35.084      0.000

 Variances
    FC_CMQ         12535.368    887.023     14.132      0.000
    FC_GCBCI         316.005     25.017     12.632      0.000
    FC_GCBET         176.651     20.424      8.649      0.000
    FC_GCBGM         203.869     19.771     10.312      0.000
    FC_GCBMG          70.638      6.383     11.066      0.000
    FC_GCBPW          65.803     10.503      6.265      0.000
    FC_CRKQS       13810.750    759.811     18.177      0.000
    FC_CCSQ        17211.492    860.332     20.006      0.000

Latent Class 3

 Means
    FC_CMQ           400.666     17.588     22.781      0.000
    FC_GCBCI          50.137      4.546     11.028      0.000
    FC_GCBET          32.326      3.782      8.548      0.000
    FC_GCBGM          49.899      3.324     15.012      0.000
    FC_GCBMG          49.313      1.472     33.500      0.000
    FC_GCBPW          23.229      2.549      9.113      0.000
    FC_CRKQS         242.989     24.435      9.944      0.000
    FC_CCSQ          265.661     24.563     10.816      0.000

 Variances
    FC_CMQ         12535.368    887.023     14.132      0.000
    FC_GCBCI         316.005     25.017     12.632      0.000
    FC_GCBET         176.651     20.424      8.649      0.000
    FC_GCBGM         203.869     19.771     10.312      0.000
    FC_GCBMG          70.638      6.383     11.066      0.000
    FC_GCBPW          65.803     10.503      6.265      0.000
    FC_CRKQS       13810.750    759.811     18.177      0.000
    FC_CCSQ        17211.492    860.332     20.006      0.000

Latent Class 4

 Means
    FC_CMQ           420.638     18.111     23.226      0.000
    FC_GCBCI          68.128      3.403     20.023      0.000
    FC_GCBET          30.849      3.274      9.424      0.000
    FC_GCBGM          49.895      3.938     12.669      0.000
    FC_GCBMG          48.764      2.188     22.287      0.000
    FC_GCBPW          55.960      3.844     14.558      0.000
    FC_CRKQS         260.567     28.220      9.233      0.000
    FC_CCSQ          287.667     29.688      9.690      0.000

 Variances
    FC_CMQ         12535.368    887.023     14.132      0.000
    FC_GCBCI         316.005     25.017     12.632      0.000
    FC_GCBET         176.651     20.424      8.649      0.000
    FC_GCBGM         203.869     19.771     10.312      0.000
    FC_GCBMG          70.638      6.383     11.066      0.000
    FC_GCBPW          65.803     10.503      6.265      0.000
    FC_CRKQS       13810.750    759.811     18.177      0.000
    FC_CCSQ        17211.492    860.332     20.006      0.000

Latent Class 5

 Means
    FC_CMQ           488.771     16.328     29.934      0.000
    FC_GCBCI          78.034      1.578     49.446      0.000
    FC_GCBET          54.698      4.715     11.600      0.000
    FC_GCBGM          69.249      2.080     33.294      0.000
    FC_GCBMG          59.989      1.415     42.408      0.000
    FC_GCBPW          74.587      1.550     48.111      0.000
    FC_CRKQS         339.958     28.512     11.923      0.000
    FC_CCSQ          357.760     29.241     12.235      0.000

 Variances
    FC_CMQ         12535.368    887.023     14.132      0.000
    FC_GCBCI         316.005     25.017     12.632      0.000
    FC_GCBET         176.651     20.424      8.649      0.000
    FC_GCBGM         203.869     19.771     10.312      0.000
    FC_GCBMG          70.638      6.383     11.066      0.000
    FC_GCBPW          65.803     10.503      6.265      0.000
    FC_CRKQS       13810.750    759.811     18.177      0.000
    FC_CCSQ        17211.492    860.332     20.006      0.000

Categorical Latent Variables

 Means
    C#1               -0.701      0.326     -2.152      0.031
    C#2                1.545      0.241      6.402      0.000
    C#3               -0.245      0.338     -0.724      0.469
    C#4                0.159      0.347      0.458      0.647


QUALITY OF NUMERICAL RESULTS

     Condition Number for the Information Matrix              0.211E-02
       (ratio of smallest to largest eigenvalue)


TECHNICAL 11 OUTPUT

     Random Starts Specifications for the k-1 Class Analysis Model
        Number of initial stage random starts                 500
        Number of final stage optimizations                   100



     VUONG-LO-MENDELL-RUBIN LIKELIHOOD RATIO TEST FOR 4 (H0) VERSUS 5 CLASSES

          H0 Loglikelihood Value                       -23537.538
          2 Times the Loglikelihood Difference            168.337
          Difference in the Number of Parameters                9
          Mean                                            151.591
          Standard Deviation                              178.165
          P-Value                                          0.3471

     LO-MENDELL-RUBIN ADJUSTED LRT TEST

          Value                                           165.462
          P-Value                                          0.3534


TECHNICAL 14 OUTPUT

     Random Starts Specifications for the k-1 Class Analysis Model
        Number of initial stage random starts                 500
        Number of final stage optimizations                   100

     Random Starts Specification for the k-1 Class Model for Generated Data
        Number of initial stage random starts                   0
        Number of final stage optimizations for the
           initial stage random starts                          0
     Random Starts Specification for the k Class Model for Generated Data
        Number of initial stage random starts                  40
        Number of final stage optimizations                     8
     Number of bootstrap draws requested                   Varies


     PARAMETRIC BOOTSTRAPPED LIKELIHOOD RATIO TEST FOR 4 (H0) VERSUS 5 CLASSES

          H0 Loglikelihood Value                       -23537.538
          2 Times the Loglikelihood Difference            168.337
          Difference in the Number of Parameters                9
          Approximate P-Value                              0.0000
          Successful Bootstrap Draws                            5


PLOT INFORMATION

The following plots are available:

  Histograms (sample values)
  Scatterplots (sample values)
  Sample means
  Estimated means, medians, modes, and percentiles
  Sample and estimated means
  Observed individual values
  Estimated means and observed individual values
  Estimated overall and class-specific distributions

SAVEDATA INFORMATION


  Save file
    lca_5.txt

  Order of variables

    FC_CMQ
    FC_GCBCI
    FC_GCBET
    FC_GCBGM
    FC_GCBMG
    FC_GCBPW
    FC_CRKQS
    FC_CCSQ
    CPROB1
    CPROB2
    CPROB3
    CPROB4
    CPROB5
    C

  Save file format           Free

  Save file record length    10000

  Save missing symbol        *


     Beginning Time:  17:38:14
        Ending Time:  17:39:16
       Elapsed Time:  00:01:02



MUTHEN & MUTHEN
3463 Stoner Ave.
Los Angeles, CA  90066

Tel: (310) 391-9971
Fax: (310) 391-8971
Web: www.StatModel.com
Support: Support@StatModel.com

Copyright (c) 1998-2021 Muthen & Muthen
